0 info it worked if it ends with ok
1 verbose cli [ 'C:\\Kamat\\Other\\nodejs\\\\node.exe',
1 verbose cli   'C:\\Kamat\\Other\\nodejs\\node_modules\\npm\\bin\\npm-cli.js',
1 verbose cli   'install',
1 verbose cli   '?' ]
2 info using npm@1.4.23
3 info using node@v0.10.31
4 verbose node symlink C:\Kamat\Other\nodejs\\node.exe
5 warn package.json node-api@ No description
6 warn package.json node-api@ No repository field.
7 warn package.json node-api@ No README data
8 verbose readDependencies using package.json deps
9 verbose cache add [ '?', null ]
10 verbose cache add name=undefined spec="?" args=["?",null]
11 verbose parsed url { protocol: null,
11 verbose parsed url   slashes: null,
11 verbose parsed url   auth: null,
11 verbose parsed url   host: null,
11 verbose parsed url   port: null,
11 verbose parsed url   hostname: null,
11 verbose parsed url   hash: null,
11 verbose parsed url   search: '?',
11 verbose parsed url   query: '',
11 verbose parsed url   pathname: null,
11 verbose parsed url   path: '?',
11 verbose parsed url   href: '?' }
12 silly lockFile 5bab61eb- ?
13 verbose lock ? C:\Users\Iiro\AppData\Roaming\npm-cache\5bab61eb-.lock
14 silly lockFile 5bab61eb- ?
15 silly lockFile 5bab61eb- ?
16 verbose addNamed [ '?', '' ]
17 verbose addNamed [ null, '*' ]
18 silly lockFile 108f5e28- ?@
19 verbose lock ?@ C:\Users\Iiro\AppData\Roaming\npm-cache\108f5e28-.lock
20 silly addNameRange { name: '?', range: '*', hasData: false }
21 verbose request where is /?
22 verbose request registry https://registry.npmjs.org/
23 verbose request id ed88683813386945
24 verbose url raw /?
25 verbose url resolving [ 'https://registry.npmjs.org/', './' ]
26 verbose url resolved https://registry.npmjs.org/
27 verbose request where is https://registry.npmjs.org/
28 info trying registry request attempt 1 at 17:29:47
29 http GET https://registry.npmjs.org/
30 http 200 https://registry.npmjs.org/
31 silly registry.get cb [ 200,
31 silly registry.get   { date: 'Mon, 08 Sep 2014 14:30:04 GMT',
31 silly registry.get     server: 'CouchDB/1.5.0 (Erlang OTP/R16B03)',
31 silly registry.get     'content-type': 'text/plain; charset=utf-8',
31 silly registry.get     'cache-control': 'max-age=60',
31 silly registry.get     'content-length': '258',
31 silly registry.get     'accept-ranges': 'bytes',
31 silly registry.get     via: '1.1 varnish',
31 silly registry.get     age: '30',
31 silly registry.get     'x-served-by': 'cache-fra1228-FRA',
31 silly registry.get     'x-cache': 'HIT',
31 silly registry.get     'x-cache-hits': '1',
31 silly registry.get     'x-timer': 'S1410186604.770166,VS0,VE0',
31 silly registry.get     'keep-alive': 'timeout=10, max=50',
31 silly registry.get     connection: 'Keep-Alive' } ]
32 silly addNameRange number 2 { name: '?', range: '*', hasData: true }
33 silly addNameRange versions [ undefined, [] ]
34 error TypeError: Cannot read property 'latest' of undefined
34 error     at next (C:\Kamat\Other\nodejs\node_modules\npm\lib\cache\add-named.js:219:35)
34 error     at C:\Kamat\Other\nodejs\node_modules\npm\lib\cache\add-named.js:207:5
34 error     at saved (C:\Kamat\Other\nodejs\node_modules\npm\node_modules\npm-registry-client\lib\get.js:167:7)
34 error     at Object.oncomplete (fs.js:107:15)
35 error If you need help, you may report this *entire* log,
35 error including the npm and node versions, at:
35 error     <http://github.com/npm/npm/issues>
36 error System Windows_NT 6.1.7601
37 error command "C:\\Kamat\\Other\\nodejs\\\\node.exe" "C:\\Kamat\\Other\\nodejs\\node_modules\\npm\\bin\\npm-cli.js" "install" "?"
38 error cwd C:\Users\Iiro\LibTek
39 error node -v v0.10.31
40 error npm -v 1.4.23
41 error type non_object_property_load
42 verbose exit [ 1, true ]
